  BaseMenu.cpp
c:\users\nick\desktop\sdk\steamworksexample\stdafx.h(58): fatal error C1083: Cannot open include file: 'd3dx9.h': No such file or directory
  clanchatroom.cpp
c:\users\nick\desktop\sdk\steamworksexample\stdafx.h(58): fatal error C1083: Cannot open include file: 'd3dx9.h': No such file or directory
  connectingmenu.cpp
c:\users\nick\desktop\sdk\steamworksexample\stdafx.h(58): fatal error C1083: Cannot open include file: 'd3dx9.h': No such file or directory
  Friends.cpp
c:\users\nick\desktop\sdk\steamworksexample\stdafx.h(58): fatal error C1083: Cannot open include file: 'd3dx9.h': No such file or directory
  gameenginewin32.cpp
c:\users\nick\desktop\sdk\steamworksexample\stdafx.h(58): fatal error C1083: Cannot open include file: 'd3dx9.h': No such file or directory
  htmlsurface.cpp
c:\users\nick\desktop\sdk\steamworksexample\stdafx.h(58): fatal error C1083: Cannot open include file: 'd3dx9.h': No such file or directory
  Inventory.cpp
c:\users\nick\desktop\sdk\steamworksexample\stdafx.h(58): fatal error C1083: Cannot open include file: 'd3dx9.h': No such file or directory
  Leaderboards.cpp
c:\users\nick\desktop\sdk\steamworksexample\stdafx.h(58): fatal error C1083: Cannot open include file: 'd3dx9.h': No such file or directory
  Lobby.cpp
c:\users\nick\desktop\sdk\steamworksexample\stdafx.h(58): fatal error C1083: Cannot open include file: 'd3dx9.h': No such file or directory
  Main.cpp
c:\users\nick\desktop\sdk\steamworksexample\stdafx.h(58): fatal error C1083: Cannot open include file: 'd3dx9.h': No such file or directory
  MainMenu.cpp
c:\users\nick\desktop\sdk\steamworksexample\stdafx.h(58): fatal error C1083: Cannot open include file: 'd3dx9.h': No such file or directory
  musicplayer.cpp
c:\users\nick\desktop\sdk\steamworksexample\stdafx.h(58): fatal error C1083: Cannot open include file: 'd3dx9.h': No such file or directory
  p2pauth.cpp
c:\users\nick\desktop\sdk\steamworksexample\stdafx.h(58): fatal error C1083: Cannot open include file: 'd3dx9.h': No such file or directory
  PhotonBeam.cpp
c:\users\nick\desktop\sdk\steamworksexample\stdafx.h(58): fatal error C1083: Cannot open include file: 'd3dx9.h': No such file or directory
  QuitMenu.cpp
c:\users\nick\desktop\sdk\steamworksexample\stdafx.h(58): fatal error C1083: Cannot open include file: 'd3dx9.h': No such file or directory
  RemoteStorage.cpp
c:\users\nick\desktop\sdk\steamworksexample\stdafx.h(58): fatal error C1083: Cannot open include file: 'd3dx9.h': No such file or directory
  ServerBrowser.cpp
c:\users\nick\desktop\sdk\steamworksexample\stdafx.h(58): fatal error C1083: Cannot open include file: 'd3dx9.h': No such file or directory
  Ship.cpp
c:\users\nick\desktop\sdk\steamworksexample\stdafx.h(58): fatal error C1083: Cannot open include file: 'd3dx9.h': No such file or directory
  SpaceWarClient.cpp
c:\users\nick\desktop\sdk\steamworksexample\stdafx.h(58): fatal error C1083: Cannot open include file: 'd3dx9.h': No such file or directory
  SpaceWarEntity.cpp
c:\users\nick\desktop\sdk\steamworksexample\stdafx.h(58): fatal error C1083: Cannot open include file: 'd3dx9.h': No such file or directory
  Compiling...
  SpaceWarServer.cpp
c:\users\nick\desktop\sdk\steamworksexample\stdafx.h(58): fatal error C1083: Cannot open include file: 'd3dx9.h': No such file or directory
  StarField.cpp
c:\users\nick\desktop\sdk\steamworksexample\stdafx.h(58): fatal error C1083: Cannot open include file: 'd3dx9.h': No such file or directory
  StatsAndAchievements.cpp
c:\users\nick\desktop\sdk\steamworksexample\stdafx.h(58): fatal error C1083: Cannot open include file: 'd3dx9.h': No such file or directory
  stdafx.cpp
c:\users\nick\desktop\sdk\steamworksexample\stdafx.h(58): fatal error C1083: Cannot open include file: 'd3dx9.h': No such file or directory
  Sun.cpp
c:\users\nick\desktop\sdk\steamworksexample\stdafx.h(58): fatal error C1083: Cannot open include file: 'd3dx9.h': No such file or directory
  VectorEntity.cpp
c:\users\nick\desktop\sdk\steamworksexample\stdafx.h(58): fatal error C1083: Cannot open include file: 'd3dx9.h': No such file or directory
  voicechat.cpp
c:\users\nick\desktop\sdk\steamworksexample\stdafx.h(58): fatal error C1083: Cannot open include file: 'd3dx9.h': No such file or directory
